2010/03/20 12:53:25 [error] [exception.CHttpException.404] exception 'CHttpException' with message 'The system is unable to find the requested action "user".' in /home/balor/dev/yii_cmsmod/framework/web/CController.php:439
Stack trace:
#0 /home/balor/dev/yii_cmsmod/framework/web/CController.php(262): CController->missingAction('user')
#1 /home/balor/dev/yii_cmsmod/framework/web/CWebApplication.php(320): CController->run('user')
#2 /home/balor/dev/yii_cmsmod/framework/web/CWebApplication.php(120): CWebApplication->runController('site/user/')
#3 /home/balor/dev/yii_cmsmod/framework/base/CApplication.php(135): CWebApplication->processRequest()
#4 /home/balor/dev/yii_cmsmod/cmsmod/index.php(12): CApplication->run()
#5 {main} REQUEST_URI=/dev/yii_cmsmod/cmsmod/index.php?r=site/user/
2010/03/20 23:54:14 [error] [exception.CHttpException.404] exception 'CHttpException' with message 'Unable to resolve the request "cms/content".' in /home/balor/dev/yii_cmsmod/framework/web/CWebApplication.php:324
Stack trace:
#0 /home/balor/dev/yii_cmsmod/framework/web/CWebApplication.php(120): CWebApplication->runController('cms/content')
#1 /home/balor/dev/yii_cmsmod/framework/base/CApplication.php(135): CWebApplication->processRequest()
#2 /home/balor/dev/yii_cmsmod/cmsmod/index.php(12): CApplication->run()
#3 {main} REQUEST_URI=/dev/yii_cmsmod/cmsmod/index.php?r=cms/content
2010/03/20 23:54:22 [error] [exception.CHttpException.404] exception 'CHttpException' with message 'Unable to resolve the request "cms/content/index/".' in /home/balor/dev/yii_cmsmod/framework/web/CWebApplication.php:324
Stack trace:
#0 /home/balor/dev/yii_cmsmod/framework/web/CWebApplication.php(120): CWebApplication->runController('cms/content/ind...')
#1 /home/balor/dev/yii_cmsmod/framework/base/CApplication.php(135): CWebApplication->processRequest()
#2 /home/balor/dev/yii_cmsmod/cmsmod/index.php(12): CApplication->run()
#3 {main} REQUEST_URI=/dev/yii_cmsmod/cmsmod/index.php?r=cms/content/index/
2010/03/20 23:54:24 [error] [exception.CHttpException.404] exception 'CHttpException' with message 'Unable to resolve the request "cms/content/index".' in /home/balor/dev/yii_cmsmod/framework/web/CWebApplication.php:324
Stack trace:
#0 /home/balor/dev/yii_cmsmod/framework/web/CWebApplication.php(120): CWebApplication->runController('cms/content/ind...')
#1 /home/balor/dev/yii_cmsmod/framework/base/CApplication.php(135): CWebApplication->processRequest()
#2 /home/balor/dev/yii_cmsmod/cmsmod/index.php(12): CApplication->run()
#3 {main} REQUEST_URI=/dev/yii_cmsmod/cmsmod/index.php?r=cms/content/index
2010/03/20 23:56:24 [error] [exception.CHttpException.404] exception 'CHttpException' with message 'The system is unable to find the requested action "add".' in /home/balor/dev/yii_cmsmod/framework/web/CController.php:439
Stack trace:
#0 /home/balor/dev/yii_cmsmod/framework/web/CController.php(262): CController->missingAction('add')
#1 /home/balor/dev/yii_cmsmod/framework/web/CWebApplication.php(320): CController->run('add')
#2 /home/balor/dev/yii_cmsmod/framework/web/CWebApplication.php(120): CWebApplication->runController('cms/content/add')
#3 /home/balor/dev/yii_cmsmod/framework/base/CApplication.php(135): CWebApplication->processRequest()
#4 /home/balor/dev/yii_cmsmod/cmsmod/index.php(12): CApplication->run()
#5 {main} REQUEST_URI=/dev/yii_cmsmod/cmsmod/index.php?r=cms/content/add
2010/03/20 23:57:42 [error] [exception.CHttpException.403] exception 'CHttpException' with message 'You are not authorized to perform this action.' in /home/balor/dev/yii_cmsmod/framework/web/auth/CAccessControlFilter.php:153
Stack trace:
#0 /home/balor/dev/yii_cmsmod/framework/web/auth/CAccessControlFilter.php(115): CAccessControlFilter->accessDenied(Object(CWebUser), 'You are not aut...')
#1 /home/balor/dev/yii_cmsmod/framework/web/filters/CFilter.php(39): CAccessControlFilter->preFilter(Object(CFilterChain))
#2 /home/balor/dev/yii_cmsmod/framework/web/CController.php(993): CFilter->filter(Object(CFilterChain))
#3 /home/balor/dev/yii_cmsmod/framework/web/filters/CInlineFilter.php(59): CController->filterAccessControl(Object(CFilterChain))
#4 /home/balor/dev/yii_cmsmod/framework/web/filters/CFilterChain.php(126): CInlineFilter->filter(Object(CFilterChain))
#5 /home/balor/dev/yii_cmsmod/framework/web/CController.php(283): CFilterChain->run()
#6 /home/balor/dev/yii_cmsmod/framework/web/CController.php(257): CController->runActionWithFilters(Object(CInlineAction), Array)
#7 /home/balor/dev/yii_cmsmod/framework/web/CWebApplication.php(320): CController->run('admin')
#8 /home/balor/dev/yii_cmsmod/framework/web/CWebApplication.php(120): CWebApplication->runController('cms/content/adm...')
#9 /home/balor/dev/yii_cmsmod/framework/base/CApplication.php(135): CWebApplication->processRequest()
#10 /home/balor/dev/yii_cmsmod/cmsmod/index.php(12): CApplication->run()
#11 {main} REQUEST_URI=/dev/yii_cmsmod/cmsmod/index.php?r=cms/content/admin
2010/03/20 23:58:26 [error] [exception.CHttpException.403] exception 'CHttpException' with message 'You are not authorized to perform this action.' in /home/balor/dev/yii_cmsmod/framework/web/auth/CAccessControlFilter.php:153
Stack trace:
#0 /home/balor/dev/yii_cmsmod/framework/web/auth/CAccessControlFilter.php(115): CAccessControlFilter->accessDenied(Object(CWebUser), 'You are not aut...')
#1 /home/balor/dev/yii_cmsmod/framework/web/filters/CFilter.php(39): CAccessControlFilter->preFilter(Object(CFilterChain))
#2 /home/balor/dev/yii_cmsmod/framework/web/CController.php(993): CFilter->filter(Object(CFilterChain))
#3 /home/balor/dev/yii_cmsmod/framework/web/filters/CInlineFilter.php(59): CController->filterAccessControl(Object(CFilterChain))
#4 /home/balor/dev/yii_cmsmod/framework/web/filters/CFilterChain.php(126): CInlineFilter->filter(Object(CFilterChain))
#5 /home/balor/dev/yii_cmsmod/framework/web/CController.php(283): CFilterChain->run()
#6 /home/balor/dev/yii_cmsmod/framework/web/CController.php(257): CController->runActionWithFilters(Object(CInlineAction), Array)
#7 /home/balor/dev/yii_cmsmod/framework/web/CWebApplication.php(320): CController->run('admin')
#8 /home/balor/dev/yii_cmsmod/framework/web/CWebApplication.php(120): CWebApplication->runController('cms/content/adm...')
#9 /home/balor/dev/yii_cmsmod/framework/base/CApplication.php(135): CWebApplication->processRequest()
#10 /home/balor/dev/yii_cmsmod/cmsmod/index.php(12): CApplication->run()
#11 {main} REQUEST_URI=/dev/yii_cmsmod/cmsmod/index.php?r=cms/content/admin
2010/03/21 00:04:58 [warning] [application] Failed to set unsafe attribute "name".
in /home/balor/dev/yii_cmsmod/cmsmod/protected/modules/cms/controllers/ContentController.php (145)
in /home/balor/dev/yii_cmsmod/cmsmod/index.php (12)
2010/03/21 00:05:11 [warning] [application] Failed to set unsafe attribute "name".
in /home/balor/dev/yii_cmsmod/cmsmod/protected/modules/cms/controllers/ContentController.php (145)
in /home/balor/dev/yii_cmsmod/cmsmod/index.php (12)
2010/03/21 00:05:19 [warning] [application] Failed to set unsafe attribute "name".
in /home/balor/dev/yii_cmsmod/cmsmod/protected/modules/cms/controllers/ContentController.php (145)
in /home/balor/dev/yii_cmsmod/cmsmod/index.php (12)
2010/03/21 00:05:28 [warning] [application] Failed to set unsafe attribute "name".
in /home/balor/dev/yii_cmsmod/cmsmod/protected/modules/cms/controllers/ContentController.php (145)
in /home/balor/dev/yii_cmsmod/cmsmod/index.php (12)
2010/03/21 00:05:32 [warning] [application] Failed to set unsafe attribute "name".
in /home/balor/dev/yii_cmsmod/cmsmod/protected/modules/cms/controllers/ContentController.php (145)
in /home/balor/dev/yii_cmsmod/cmsmod/index.php (12)
2010/03/21 00:11:03 [error] [exception.CException] exception 'CException' with message 'Property "Content.chuj" is not defined.' in /home/balor/dev/yii_cmsmod/framework/base/CComponent.php:131
Stack trace:
#0 /home/balor/dev/yii_cmsmod/framework/db/ar/CActiveRecord.php(107): CComponent->__get('chuj')
#1 /home/balor/dev/yii_cmsmod/framework/web/helpers/CHtml.php(1591): CActiveRecord->__get('chuj')
#2 /home/balor/dev/yii_cmsmod/framework/zii/widgets/CDetailView.php(198): CHtml::value(Object(Content), 'chuj')
#3 /home/balor/dev/yii_cmsmod/framework/web/CBaseController.php(161): CDetailView->run()
#4 /home/balor/dev/yii_cmsmod/cmsmod/protected/modules/cms/views/content/view.php(26): CBaseController->widget('zii.widgets.CDe...', Array)
#5 /home/balor/dev/yii_cmsmod/framework/web/CBaseController.php(119): require('/home/balor/dev...')
#6 /home/balor/dev/yii_cmsmod/framework/web/CBaseController.php(88): CBaseController->renderInternal('/home/balor/dev...', Array, true)
#7 /home/balor/dev/yii_cmsmod/framework/web/CController.php(742): CBaseController->renderFile('/home/balor/dev...', Array, true)
#8 /home/balor/dev/yii_cmsmod/framework/web/CController.php(681): CController->renderPartial('view', Array, true)
#9 /home/balor/dev/yii_cmsmod/cmsmod/protected/modules/cms/controllers/ContentController.php(59): CController->render('view', Array)
#10 /home/balor/dev/yii_cmsmod/framework/web/actions/CInlineAction.php(32): ContentController->actionView()
#11 /home/balor/dev/yii_cmsmod/framework/web/CController.php(300): CInlineAction->run()
#12 /home/balor/dev/yii_cmsmod/framework/web/filters/CFilterChain.php(129): CController->runAction(Object(CInlineAction))
#13 /home/balor/dev/yii_cmsmod/framework/web/filters/CFilter.php(41): CFilterChain->run()
#14 /home/balor/dev/yii_cmsmod/framework/web/CController.php(993): CFilter->filter(Object(CFilterChain))
#15 /home/balor/dev/yii_cmsmod/framework/web/filters/CInlineFilter.php(59): CController->filterAccessControl(Object(CFilterChain))
#16 /home/balor/dev/yii_cmsmod/framework/web/filters/CFilterChain.php(126): CInlineFilter->filter(Object(CFilterChain))
#17 /home/balor/dev/yii_cmsmod/framework/web/CController.php(283): CFilterChain->run()
#18 /home/balor/dev/yii_cmsmod/framework/web/CController.php(257): CController->runActionWithFilters(Object(CInlineAction), Array)
#19 /home/balor/dev/yii_cmsmod/framework/web/CWebApplication.php(320): CController->run('view')
#20 /home/balor/dev/yii_cmsmod/framework/web/CWebApplication.php(120): CWebApplication->runController('cms/content/vie...')
#21 /home/balor/dev/yii_cmsmod/framework/base/CApplication.php(135): CWebApplication->processRequest()
#22 /home/balor/dev/yii_cmsmod/cmsmod/index.php(12): CApplication->run()
#23 {main} REQUEST_URI=/dev/yii_cmsmod/cmsmod/index.php?r=cms/content/view&id=1
2010/03/21 00:13:47 [error] [exception.CHttpException.403] exception 'CHttpException' with message 'You are not authorized to perform this action.' in /home/balor/dev/yii_cmsmod/framework/web/auth/CAccessControlFilter.php:153
Stack trace:
#0 /home/balor/dev/yii_cmsmod/framework/web/auth/CAccessControlFilter.php(115): CAccessControlFilter->accessDenied(Object(CWebUser), 'You are not aut...')
#1 /home/balor/dev/yii_cmsmod/framework/web/filters/CFilter.php(39): CAccessControlFilter->preFilter(Object(CFilterChain))
#2 /home/balor/dev/yii_cmsmod/framework/web/CController.php(993): CFilter->filter(Object(CFilterChain))
#3 /home/balor/dev/yii_cmsmod/framework/web/filters/CInlineFilter.php(59): CController->filterAccessControl(Object(CFilterChain))
#4 /home/balor/dev/yii_cmsmod/framework/web/filters/CFilterChain.php(126): CInlineFilter->filter(Object(CFilterChain))
#5 /home/balor/dev/yii_cmsmod/framework/web/CController.php(283): CFilterChain->run()
#6 /home/balor/dev/yii_cmsmod/framework/web/CController.php(257): CController->runActionWithFilters(Object(CInlineAction), Array)
#7 /home/balor/dev/yii_cmsmod/framework/web/CWebApplication.php(320): CController->run('view')
#8 /home/balor/dev/yii_cmsmod/framework/web/CWebApplication.php(120): CWebApplication->runController('cms/content/vie...')
#9 /home/balor/dev/yii_cmsmod/framework/base/CApplication.php(135): CWebApplication->processRequest()
#10 /home/balor/dev/yii_cmsmod/cmsmod/index.php(12): CApplication->run()
#11 {main} REQUEST_URI=/dev/yii_cmsmod/cmsmod/index.php?r=cms/content/view&id=1
2010/03/21 00:13:49 [error] [exception.CHttpException.403] exception 'CHttpException' with message 'You are not authorized to perform this action.' in /home/balor/dev/yii_cmsmod/framework/web/auth/CAccessControlFilter.php:153
Stack trace:
#0 /home/balor/dev/yii_cmsmod/framework/web/auth/CAccessControlFilter.php(115): CAccessControlFilter->accessDenied(Object(CWebUser), 'You are not aut...')
#1 /home/balor/dev/yii_cmsmod/framework/web/filters/CFilter.php(39): CAccessControlFilter->preFilter(Object(CFilterChain))
#2 /home/balor/dev/yii_cmsmod/framework/web/CController.php(993): CFilter->filter(Object(CFilterChain))
#3 /home/balor/dev/yii_cmsmod/framework/web/filters/CInlineFilter.php(59): CController->filterAccessControl(Object(CFilterChain))
#4 /home/balor/dev/yii_cmsmod/framework/web/filters/CFilterChain.php(126): CInlineFilter->filter(Object(CFilterChain))
#5 /home/balor/dev/yii_cmsmod/framework/web/CController.php(283): CFilterChain->run()
#6 /home/balor/dev/yii_cmsmod/framework/web/CController.php(257): CController->runActionWithFilters(Object(CInlineAction), Array)
#7 /home/balor/dev/yii_cmsmod/framework/web/CWebApplication.php(320): CController->run('view')
#8 /home/balor/dev/yii_cmsmod/framework/web/CWebApplication.php(120): CWebApplication->runController('cms/content/vie...')
#9 /home/balor/dev/yii_cmsmod/framework/base/CApplication.php(135): CWebApplication->processRequest()
#10 /home/balor/dev/yii_cmsmod/cmsmod/index.php(12): CApplication->run()
#11 {main} REQUEST_URI=/dev/yii_cmsmod/cmsmod/index.php?r=cms/content/view&id=1
2010/03/21 00:13:49 [error] [exception.CHttpException.403] exception 'CHttpException' with message 'You are not authorized to perform this action.' in /home/balor/dev/yii_cmsmod/framework/web/auth/CAccessControlFilter.php:153
Stack trace:
#0 /home/balor/dev/yii_cmsmod/framework/web/auth/CAccessControlFilter.php(115): CAccessControlFilter->accessDenied(Object(CWebUser), 'You are not aut...')
#1 /home/balor/dev/yii_cmsmod/framework/web/filters/CFilter.php(39): CAccessControlFilter->preFilter(Object(CFilterChain))
#2 /home/balor/dev/yii_cmsmod/framework/web/CController.php(993): CFilter->filter(Object(CFilterChain))
#3 /home/balor/dev/yii_cmsmod/framework/web/filters/CInlineFilter.php(59): CController->filterAccessControl(Object(CFilterChain))
#4 /home/balor/dev/yii_cmsmod/framework/web/filters/CFilterChain.php(126): CInlineFilter->filter(Object(CFilterChain))
#5 /home/balor/dev/yii_cmsmod/framework/web/CController.php(283): CFilterChain->run()
#6 /home/balor/dev/yii_cmsmod/framework/web/CController.php(257): CController->runActionWithFilters(Object(CInlineAction), Array)
#7 /home/balor/dev/yii_cmsmod/framework/web/CWebApplication.php(320): CController->run('view')
#8 /home/balor/dev/yii_cmsmod/framework/web/CWebApplication.php(120): CWebApplication->runController('cms/content/vie...')
#9 /home/balor/dev/yii_cmsmod/framework/base/CApplication.php(135): CWebApplication->processRequest()
#10 /home/balor/dev/yii_cmsmod/cmsmod/index.php(12): CApplication->run()
#11 {main} REQUEST_URI=/dev/yii_cmsmod/cmsmod/index.php?r=cms/content/view&id=1
2010/03/21 14:38:18 [error] [exception.CHttpException.404] exception 'CHttpException' with message 'The system is unable to find the requested action "cms".' in /home/balor/dev/yii_cmsmod/framework/web/CController.php:439
Stack trace:
#0 /home/balor/dev/yii_cmsmod/framework/web/CController.php(262): CController->missingAction('cms')
#1 /home/balor/dev/yii_cmsmod/framework/web/CWebApplication.php(320): CController->run('cms')
#2 /home/balor/dev/yii_cmsmod/framework/web/CWebApplication.php(120): CWebApplication->runController('site/cms')
#3 /home/balor/dev/yii_cmsmod/framework/base/CApplication.php(135): CWebApplication->processRequest()
#4 /home/balor/dev/yii_cmsmod/cmsmod/index.php(12): CApplication->run()
#5 {main} REQUEST_URI=/dev/yii_cmsmod/cmsmod/index.php?r=site/cms
2010/03/21 14:38:32 [error] [exception.CHttpException.404] exception 'CHttpException' with message 'The system is unable to find the requested action "cms".' in /home/balor/dev/yii_cmsmod/framework/web/CController.php:439
Stack trace:
#0 /home/balor/dev/yii_cmsmod/framework/web/CController.php(262): CController->missingAction('cms')
#1 /home/balor/dev/yii_cmsmod/framework/web/CWebApplication.php(320): CController->run('cms')
#2 /home/balor/dev/yii_cmsmod/framework/web/CWebApplication.php(120): CWebApplication->runController('site/cms')
#3 /home/balor/dev/yii_cmsmod/framework/base/CApplication.php(135): CWebApplication->processRequest()
#4 /home/balor/dev/yii_cmsmod/cmsmod/index.php(12): CApplication->run()
#5 {main} REQUEST_URI=/dev/yii_cmsmod/cmsmod/index.php?r=site/cms
2010/03/21 14:54:32 [error] [exception.CHttpException.404] exception 'CHttpException' with message 'Unable to resolve the request "cms/cms/content/admin".' in /home/balor/dev/yii_cmsmod/framework/web/CWebApplication.php:324
Stack trace:
#0 /home/balor/dev/yii_cmsmod/framework/web/CWebApplication.php(120): CWebApplication->runController('cms/cms/content...')
#1 /home/balor/dev/yii_cmsmod/framework/base/CApplication.php(135): CWebApplication->processRequest()
#2 /home/balor/dev/yii_cmsmod/cmsmod/index.php(12): CApplication->run()
#3 {main} REQUEST_URI=/dev/yii_cmsmod/cmsmod/index.php?r=cms/cms/content/admin
2010/03/21 14:54:42 [error] [exception.CHttpException.404] exception 'CHttpException' with message 'Unable to resolve the request "cms/cms/content/admin".' in /home/balor/dev/yii_cmsmod/framework/web/CWebApplication.php:324
Stack trace:
#0 /home/balor/dev/yii_cmsmod/framework/web/CWebApplication.php(120): CWebApplication->runController('cms/cms/content...')
#1 /home/balor/dev/yii_cmsmod/framework/base/CApplication.php(135): CWebApplication->processRequest()
#2 /home/balor/dev/yii_cmsmod/cmsmod/index.php(12): CApplication->run()
#3 {main} REQUEST_URI=/dev/yii_cmsmod/cmsmod/index.php?r=cms/cms/content/admin
2010/03/21 14:54:46 [error] [exception.CHttpException.404] exception 'CHttpException' with message 'Unable to resolve the request "cms/cms/content/admin".' in /home/balor/dev/yii_cmsmod/framework/web/CWebApplication.php:324
Stack trace:
#0 /home/balor/dev/yii_cmsmod/framework/web/CWebApplication.php(120): CWebApplication->runController('cms/cms/content...')
#1 /home/balor/dev/yii_cmsmod/framework/base/CApplication.php(135): CWebApplication->processRequest()
#2 /home/balor/dev/yii_cmsmod/cmsmod/index.php(12): CApplication->run()
#3 {main} REQUEST_URI=/dev/yii_cmsmod/cmsmod/index.php?r=cms/cms/content/admin
2010/03/21 15:03:19 [error] [exception.CHttpException.404] exception 'CHttpException' with message 'Unable to resolve the request "cms/cmd/default/index".' in /home/balor/dev/yii_cmsmod/framework/web/CWebApplication.php:324
Stack trace:
#0 /home/balor/dev/yii_cmsmod/framework/web/CWebApplication.php(120): CWebApplication->runController('cms/cmd/default...')
#1 /home/balor/dev/yii_cmsmod/framework/base/CApplication.php(135): CWebApplication->processRequest()
#2 /home/balor/dev/yii_cmsmod/cmsmod/index.php(12): CApplication->run()
#3 {main} REQUEST_URI=/dev/yii_cmsmod/cmsmod/index.php?r=cms/cmd/default/index
2010/03/21 15:03:28 [error] [exception.CHttpException.404] exception 'CHttpException' with message 'Unable to resolve the request "cms/cmd/default/index".' in /home/balor/dev/yii_cmsmod/framework/web/CWebApplication.php:324
Stack trace:
#0 /home/balor/dev/yii_cmsmod/framework/web/CWebApplication.php(120): CWebApplication->runController('cms/cmd/default...')
#1 /home/balor/dev/yii_cmsmod/framework/base/CApplication.php(135): CWebApplication->processRequest()
#2 /home/balor/dev/yii_cmsmod/cmsmod/index.php(12): CApplication->run()
#3 {main} REQUEST_URI=/dev/yii_cmsmod/cmsmod/index.php?r=cms/cmd/default/index
2010/03/21 15:03:29 [error] [exception.CHttpException.404] exception 'CHttpException' with message 'Unable to resolve the request "cms/cmd/default/index".' in /home/balor/dev/yii_cmsmod/framework/web/CWebApplication.php:324
Stack trace:
#0 /home/balor/dev/yii_cmsmod/framework/web/CWebApplication.php(120): CWebApplication->runController('cms/cmd/default...')
#1 /home/balor/dev/yii_cmsmod/framework/base/CApplication.php(135): CWebApplication->processRequest()
#2 /home/balor/dev/yii_cmsmod/cmsmod/index.php(12): CApplication->run()
#3 {main} REQUEST_URI=/dev/yii_cmsmod/cmsmod/index.php?r=cms/cmd/default/index
2010/03/21 15:27:05 [error] [exception.CHttpException.403] exception 'CHttpException' with message 'You are not authorized to perform this action.' in /home/balor/dev/yii_cmsmod/framework/web/auth/CAccessControlFilter.php:153
Stack trace:
#0 /home/balor/dev/yii_cmsmod/framework/web/auth/CAccessControlFilter.php(115): CAccessControlFilter->accessDenied(Object(CWebUser), 'You are not aut...')
#1 /home/balor/dev/yii_cmsmod/framework/web/filters/CFilter.php(39): CAccessControlFilter->preFilter(Object(CFilterChain))
#2 /home/balor/dev/yii_cmsmod/framework/web/CController.php(993): CFilter->filter(Object(CFilterChain))
#3 /home/balor/dev/yii_cmsmod/framework/web/filters/CInlineFilter.php(59): CController->filterAccessControl(Object(CFilterChain))
#4 /home/balor/dev/yii_cmsmod/framework/web/filters/CFilterChain.php(126): CInlineFilter->filter(Object(CFilterChain))
#5 /home/balor/dev/yii_cmsmod/framework/web/CController.php(283): CFilterChain->run()
#6 /home/balor/dev/yii_cmsmod/framework/web/CController.php(257): CController->runActionWithFilters(Object(CInlineAction), Array)
#7 /home/balor/dev/yii_cmsmod/framework/web/CWebApplication.php(320): CController->run('index')
#8 /home/balor/dev/yii_cmsmod/framework/web/CWebApplication.php(120): CWebApplication->runController('user/index')
#9 /home/balor/dev/yii_cmsmod/framework/base/CApplication.php(135): CWebApplication->processRequest()
#10 /home/balor/dev/yii_cmsmod/cmsmod/index.php(12): CApplication->run()
#11 {main} REQUEST_URI=/dev/yii_cmsmod/cmsmod/index.php?r=user/index
2010/03/21 15:27:06 [error] [exception.CHttpException.403] exception 'CHttpException' with message 'You are not authorized to perform this action.' in /home/balor/dev/yii_cmsmod/framework/web/auth/CAccessControlFilter.php:153
Stack trace:
#0 /home/balor/dev/yii_cmsmod/framework/web/auth/CAccessControlFilter.php(115): CAccessControlFilter->accessDenied(Object(CWebUser), 'You are not aut...')
#1 /home/balor/dev/yii_cmsmod/framework/web/filters/CFilter.php(39): CAccessControlFilter->preFilter(Object(CFilterChain))
#2 /home/balor/dev/yii_cmsmod/framework/web/CController.php(993): CFilter->filter(Object(CFilterChain))
#3 /home/balor/dev/yii_cmsmod/framework/web/filters/CInlineFilter.php(59): CController->filterAccessControl(Object(CFilterChain))
#4 /home/balor/dev/yii_cmsmod/framework/web/filters/CFilterChain.php(126): CInlineFilter->filter(Object(CFilterChain))
#5 /home/balor/dev/yii_cmsmod/framework/web/CController.php(283): CFilterChain->run()
#6 /home/balor/dev/yii_cmsmod/framework/web/CController.php(257): CController->runActionWithFilters(Object(CInlineAction), Array)
#7 /home/balor/dev/yii_cmsmod/framework/web/CWebApplication.php(320): CController->run('index')
#8 /home/balor/dev/yii_cmsmod/framework/web/CWebApplication.php(120): CWebApplication->runController('user/index')
#9 /home/balor/dev/yii_cmsmod/framework/base/CApplication.php(135): CWebApplication->processRequest()
#10 /home/balor/dev/yii_cmsmod/cmsmod/index.php(12): CApplication->run()
#11 {main} REQUEST_URI=/dev/yii_cmsmod/cmsmod/index.php?r=user/index
2010/03/21 15:27:20 [error] [exception.CHttpException.403] exception 'CHttpException' with message 'You are not authorized to perform this action.' in /home/balor/dev/yii_cmsmod/framework/web/auth/CAccessControlFilter.php:153
Stack trace:
#0 /home/balor/dev/yii_cmsmod/framework/web/auth/CAccessControlFilter.php(115): CAccessControlFilter->accessDenied(Object(CWebUser), 'You are not aut...')
#1 /home/balor/dev/yii_cmsmod/framework/web/filters/CFilter.php(39): CAccessControlFilter->preFilter(Object(CFilterChain))
#2 /home/balor/dev/yii_cmsmod/framework/web/CController.php(993): CFilter->filter(Object(CFilterChain))
#3 /home/balor/dev/yii_cmsmod/framework/web/filters/CInlineFilter.php(59): CController->filterAccessControl(Object(CFilterChain))
#4 /home/balor/dev/yii_cmsmod/framework/web/filters/CFilterChain.php(126): CInlineFilter->filter(Object(CFilterChain))
#5 /home/balor/dev/yii_cmsmod/framework/web/CController.php(283): CFilterChain->run()
#6 /home/balor/dev/yii_cmsmod/framework/web/CController.php(257): CController->runActionWithFilters(Object(CInlineAction), Array)
#7 /home/balor/dev/yii_cmsmod/framework/web/CWebApplication.php(320): CController->run('index')
#8 /home/balor/dev/yii_cmsmod/framework/web/CWebApplication.php(120): CWebApplication->runController('user/index')
#9 /home/balor/dev/yii_cmsmod/framework/base/CApplication.php(135): CWebApplication->processRequest()
#10 /home/balor/dev/yii_cmsmod/cmsmod/index.php(12): CApplication->run()
#11 {main} REQUEST_URI=/dev/yii_cmsmod/cmsmod/index.php?r=user/index
2010/03/21 15:27:29 [error] [exception.CHttpException.403] exception 'CHttpException' with message 'You are not authorized to perform this action.' in /home/balor/dev/yii_cmsmod/framework/web/auth/CAccessControlFilter.php:153
Stack trace:
#0 /home/balor/dev/yii_cmsmod/framework/web/auth/CAccessControlFilter.php(115): CAccessControlFilter->accessDenied(Object(CWebUser), 'You are not aut...')
#1 /home/balor/dev/yii_cmsmod/framework/web/filters/CFilter.php(39): CAccessControlFilter->preFilter(Object(CFilterChain))
#2 /home/balor/dev/yii_cmsmod/framework/web/CController.php(993): CFilter->filter(Object(CFilterChain))
#3 /home/balor/dev/yii_cmsmod/framework/web/filters/CInlineFilter.php(59): CController->filterAccessControl(Object(CFilterChain))
#4 /home/balor/dev/yii_cmsmod/framework/web/filters/CFilterChain.php(126): CInlineFilter->filter(Object(CFilterChain))
#5 /home/balor/dev/yii_cmsmod/framework/web/CController.php(283): CFilterChain->run()
#6 /home/balor/dev/yii_cmsmod/framework/web/CController.php(257): CController->runActionWithFilters(Object(CInlineAction), Array)
#7 /home/balor/dev/yii_cmsmod/framework/web/CWebApplication.php(320): CController->run('index')
#8 /home/balor/dev/yii_cmsmod/framework/web/CWebApplication.php(120): CWebApplication->runController('user/index')
#9 /home/balor/dev/yii_cmsmod/framework/base/CApplication.php(135): CWebApplication->processRequest()
#10 /home/balor/dev/yii_cmsmod/cmsmod/index.php(12): CApplication->run()
#11 {main} REQUEST_URI=/dev/yii_cmsmod/cmsmod/index.php?r=user/index
2010/03/21 15:29:08 [error] [exception.CHttpException.403] exception 'CHttpException' with message 'You are not authorized to perform this action.' in /home/balor/dev/yii_cmsmod/framework/web/auth/CAccessControlFilter.php:153
Stack trace:
#0 /home/balor/dev/yii_cmsmod/framework/web/auth/CAccessControlFilter.php(115): CAccessControlFilter->accessDenied(Object(CWebUser), 'You are not aut...')
#1 /home/balor/dev/yii_cmsmod/framework/web/filters/CFilter.php(39): CAccessControlFilter->preFilter(Object(CFilterChain))
#2 /home/balor/dev/yii_cmsmod/framework/web/CController.php(993): CFilter->filter(Object(CFilterChain))
#3 /home/balor/dev/yii_cmsmod/framework/web/filters/CInlineFilter.php(59): CController->filterAccessControl(Object(CFilterChain))
#4 /home/balor/dev/yii_cmsmod/framework/web/filters/CFilterChain.php(126): CInlineFilter->filter(Object(CFilterChain))
#5 /home/balor/dev/yii_cmsmod/framework/web/CController.php(283): CFilterChain->run()
#6 /home/balor/dev/yii_cmsmod/framework/web/CController.php(257): CController->runActionWithFilters(Object(CInlineAction), Array)
#7 /home/balor/dev/yii_cmsmod/framework/web/CWebApplication.php(320): CController->run('register')
#8 /home/balor/dev/yii_cmsmod/framework/web/CWebApplication.php(120): CWebApplication->runController('user/register')
#9 /home/balor/dev/yii_cmsmod/framework/base/CApplication.php(135): CWebApplication->processRequest()
#10 /home/balor/dev/yii_cmsmod/cmsmod/index.php(12): CApplication->run()
#11 {main} REQUEST_URI=/dev/yii_cmsmod/cmsmod/index.php?r=user/register
2010/03/21 15:30:08 [error] [exception.CHttpException.403] exception 'CHttpException' with message 'You are not authorized to perform this action.' in /home/balor/dev/yii_cmsmod/framework/web/auth/CAccessControlFilter.php:153
Stack trace:
#0 /home/balor/dev/yii_cmsmod/framework/web/auth/CAccessControlFilter.php(115): CAccessControlFilter->accessDenied(Object(CWebUser), 'You are not aut...')
#1 /home/balor/dev/yii_cmsmod/framework/web/filters/CFilter.php(39): CAccessControlFilter->preFilter(Object(CFilterChain))
#2 /home/balor/dev/yii_cmsmod/framework/web/CController.php(993): CFilter->filter(Object(CFilterChain))
#3 /home/balor/dev/yii_cmsmod/framework/web/filters/CInlineFilter.php(59): CController->filterAccessControl(Object(CFilterChain))
#4 /home/balor/dev/yii_cmsmod/framework/web/filters/CFilterChain.php(126): CInlineFilter->filter(Object(CFilterChain))
#5 /home/balor/dev/yii_cmsmod/framework/web/CController.php(283): CFilterChain->run()
#6 /home/balor/dev/yii_cmsmod/framework/web/CController.php(257): CController->runActionWithFilters(Object(CInlineAction), Array)
#7 /home/balor/dev/yii_cmsmod/framework/web/CWebApplication.php(320): CController->run('create')
#8 /home/balor/dev/yii_cmsmod/framework/web/CWebApplication.php(120): CWebApplication->runController('user/create')
#9 /home/balor/dev/yii_cmsmod/framework/base/CApplication.php(135): CWebApplication->processRequest()
#10 /home/balor/dev/yii_cmsmod/cmsmod/index.php(12): CApplication->run()
#11 {main} REQUEST_URI=/dev/yii_cmsmod/cmsmod/index.php?r=user/create
2010/03/21 15:30:11 [error] [exception.CHttpException.403] exception 'CHttpException' with message 'You are not authorized to perform this action.' in /home/balor/dev/yii_cmsmod/framework/web/auth/CAccessControlFilter.php:153
Stack trace:
#0 /home/balor/dev/yii_cmsmod/framework/web/auth/CAccessControlFilter.php(115): CAccessControlFilter->accessDenied(Object(CWebUser), 'You are not aut...')
#1 /home/balor/dev/yii_cmsmod/framework/web/filters/CFilter.php(39): CAccessControlFilter->preFilter(Object(CFilterChain))
#2 /home/balor/dev/yii_cmsmod/framework/web/CController.php(993): CFilter->filter(Object(CFilterChain))
#3 /home/balor/dev/yii_cmsmod/framework/web/filters/CInlineFilter.php(59): CController->filterAccessControl(Object(CFilterChain))
#4 /home/balor/dev/yii_cmsmod/framework/web/filters/CFilterChain.php(126): CInlineFilter->filter(Object(CFilterChain))
#5 /home/balor/dev/yii_cmsmod/framework/web/CController.php(283): CFilterChain->run()
#6 /home/balor/dev/yii_cmsmod/framework/web/CController.php(257): CController->runActionWithFilters(Object(CInlineAction), Array)
#7 /home/balor/dev/yii_cmsmod/framework/web/CWebApplication.php(320): CController->run('update')
#8 /home/balor/dev/yii_cmsmod/framework/web/CWebApplication.php(120): CWebApplication->runController('user/update')
#9 /home/balor/dev/yii_cmsmod/framework/base/CApplication.php(135): CWebApplication->processRequest()
#10 /home/balor/dev/yii_cmsmod/cmsmod/index.php(12): CApplication->run()
#11 {main} REQUEST_URI=/dev/yii_cmsmod/cmsmod/index.php?r=user/update&id=1
2010/03/21 15:30:14 [error] [exception.CHttpException.403] exception 'CHttpException' with message 'You are not authorized to perform this action.' in /home/balor/dev/yii_cmsmod/framework/web/auth/CAccessControlFilter.php:153
Stack trace:
#0 /home/balor/dev/yii_cmsmod/framework/web/auth/CAccessControlFilter.php(115): CAccessControlFilter->accessDenied(Object(CWebUser), 'You are not aut...')
#1 /home/balor/dev/yii_cmsmod/framework/web/filters/CFilter.php(39): CAccessControlFilter->preFilter(Object(CFilterChain))
#2 /home/balor/dev/yii_cmsmod/framework/web/CController.php(993): CFilter->filter(Object(CFilterChain))
#3 /home/balor/dev/yii_cmsmod/framework/web/filters/CInlineFilter.php(59): CController->filterAccessControl(Object(CFilterChain))
#4 /home/balor/dev/yii_cmsmod/framework/web/filters/CFilterChain.php(126): CInlineFilter->filter(Object(CFilterChain))
#5 /home/balor/dev/yii_cmsmod/framework/web/CController.php(283): CFilterChain->run()
#6 /home/balor/dev/yii_cmsmod/framework/web/CController.php(257): CController->runActionWithFilters(Object(CInlineAction), Array)
#7 /home/balor/dev/yii_cmsmod/framework/web/CWebApplication.php(320): CController->run('delete')
#8 /home/balor/dev/yii_cmsmod/framework/web/CWebApplication.php(120): CWebApplication->runController('user/delete')
#9 /home/balor/dev/yii_cmsmod/framework/base/CApplication.php(135): CWebApplication->processRequest()
#10 /home/balor/dev/yii_cmsmod/cmsmod/index.php(12): CApplication->run()
#11 {main} REQUEST_URI=/dev/yii_cmsmod/cmsmod/index.php?r=user/delete&id=1
2010/03/21 15:30:27 [error] [exception.CHttpException.403] exception 'CHttpException' with message 'You are not authorized to perform this action.' in /home/balor/dev/yii_cmsmod/framework/web/auth/CAccessControlFilter.php:153
Stack trace:
#0 /home/balor/dev/yii_cmsmod/framework/web/auth/CAccessControlFilter.php(115): CAccessControlFilter->accessDenied(Object(CWebUser), 'You are not aut...')
#1 /home/balor/dev/yii_cmsmod/framework/web/filters/CFilter.php(39): CAccessControlFilter->preFilter(Object(CFilterChain))
#2 /home/balor/dev/yii_cmsmod/framework/web/CController.php(993): CFilter->filter(Object(CFilterChain))
#3 /home/balor/dev/yii_cmsmod/framework/web/filters/CInlineFilter.php(59): CController->filterAccessControl(Object(CFilterChain))
#4 /home/balor/dev/yii_cmsmod/framework/web/filters/CFilterChain.php(126): CInlineFilter->filter(Object(CFilterChain))
#5 /home/balor/dev/yii_cmsmod/framework/web/CController.php(283): CFilterChain->run()
#6 /home/balor/dev/yii_cmsmod/framework/web/CController.php(257): CController->runActionWithFilters(Object(CInlineAction), Array)
#7 /home/balor/dev/yii_cmsmod/framework/web/CWebApplication.php(320): CController->run('create')
#8 /home/balor/dev/yii_cmsmod/framework/web/CWebApplication.php(120): CWebApplication->runController('cms/content/cre...')
#9 /home/balor/dev/yii_cmsmod/framework/base/CApplication.php(135): CWebApplication->processRequest()
#10 /home/balor/dev/yii_cmsmod/cmsmod/index.php(12): CApplication->run()
#11 {main} REQUEST_URI=/dev/yii_cmsmod/cmsmod/index.php?r=cms/content/create
2010/03/21 15:38:31 [error] [exception.CHttpException.403] exception 'CHttpException' with message 'You are not authorized to perform this action.' in /home/balor/dev/yii_cmsmod/framework/web/auth/CAccessControlFilter.php:153
Stack trace:
#0 /home/balor/dev/yii_cmsmod/framework/web/auth/CAccessControlFilter.php(115): CAccessControlFilter->accessDenied(Object(CWebUser), 'You are not aut...')
#1 /home/balor/dev/yii_cmsmod/framework/web/filters/CFilter.php(39): CAccessControlFilter->preFilter(Object(CFilterChain))
#2 /home/balor/dev/yii_cmsmod/framework/web/CController.php(993): CFilter->filter(Object(CFilterChain))
#3 /home/balor/dev/yii_cmsmod/framework/web/filters/CInlineFilter.php(59): CController->filterAccessControl(Object(CFilterChain))
#4 /home/balor/dev/yii_cmsmod/framework/web/filters/CFilterChain.php(126): CInlineFilter->filter(Object(CFilterChain))
#5 /home/balor/dev/yii_cmsmod/framework/web/CController.php(283): CFilterChain->run()
#6 /home/balor/dev/yii_cmsmod/framework/web/CController.php(257): CController->runActionWithFilters(Object(CInlineAction), Array)
#7 /home/balor/dev/yii_cmsmod/framework/web/CWebApplication.php(320): CController->run('delete')
#8 /home/balor/dev/yii_cmsmod/framework/web/CWebApplication.php(120): CWebApplication->runController('cms/content/del...')
#9 /home/balor/dev/yii_cmsmod/framework/base/CApplication.php(135): CWebApplication->processRequest()
#10 /home/balor/dev/yii_cmsmod/cmsmod/index.php(12): CApplication->run()
#11 {main} REQUEST_URI=/dev/yii_cmsmod/cmsmod/index.php?r=cms/content/delete&id=1
